/*C20*/SET SCHEMA PUBLIC
DISCONNECT
/*C19*/SET SCHEMA PUBLIC
DISCONNECT
/*C16*/SET SCHEMA PUBLIC
DISCONNECT
/*C17*/SET SCHEMA PUBLIC
DISCONNECT
/*C13*/SET SCHEMA PUBLIC
DISCONNECT
/*C12*/SET SCHEMA PUBLIC
DISCONNECT
/*C18*/SET SCHEMA PUBLIC
DISCONNECT
/*C14*/SET SCHEMA PUBLIC
DISCONNECT
/*C21*/SET SCHEMA PUBLIC
DISCONNECT
/*C15*/SET SCHEMA PUBLIC
DISCONNECT
/*C23*/SET SCHEMA PUBLIC
DISCONNECT
/*C27*/SET SCHEMA PUBLIC
DISCONNECT
/*C25*/SET SCHEMA PUBLIC
DISCONNECT
/*C30*/SET SCHEMA PUBLIC
DISCONNECT
/*C29*/SET SCHEMA PUBLIC
DISCONNECT
/*C24*/SET SCHEMA PUBLIC
DISCONNECT
/*C22*/SET SCHEMA PUBLIC
DISCONNECT
/*C26*/SET SCHEMA PUBLIC
DISCONNECT
/*C31*/SET SCHEMA PUBLIC
DISCONNECT
/*C28*/SET SCHEMA PUBLIC
DISCONNECT
/*C33*/SET SCHEMA PUBLIC
DISCONNECT
/*C32*/SET SCHEMA PUBLIC
DISCONNECT
/*C37*/SET SCHEMA PUBLIC
DISCONNECT
/*C34*/SET SCHEMA PUBLIC
DISCONNECT
/*C36*/SET SCHEMA PUBLIC
DISCONNECT
/*C40*/SET SCHEMA PUBLIC
DISCONNECT
/*C35*/SET SCHEMA PUBLIC
DISCONNECT
/*C39*/SET SCHEMA PUBLIC
DISCONNECT
/*C38*/SET SCHEMA PUBLIC
DISCONNECT
/*C41*/SET SCHEMA PUBLIC
DISCONNECT
/*C43*/SET SCHEMA PUBLIC
INSERT INTO TRANSACTION VALUES('1795b510-583c-4c01-a146-3a6dedde8ea9',1235,'lilian','2020-07-09 20:12:02.168000',1588.00)
COMMIT
/*C42*/SET SCHEMA PUBLIC
INSERT INTO TRANSACTION VALUES('8720e0af-c94f-425d-a8a3-c0065ab288f9',1235,'lilian','2020-07-09 20:12:01.862000',1588.00)
COMMIT
/*C43*/DISCONNECT
/*C46*/SET SCHEMA PUBLIC
DISCONNECT
/*C42*/DISCONNECT
/*C44*/SET SCHEMA PUBLIC
DISCONNECT
/*C45*/SET SCHEMA PUBLIC
DISCONNECT
/*C48*/SET SCHEMA PUBLIC
DISCONNECT
/*C49*/SET SCHEMA PUBLIC
DISCONNECT
/*C47*/SET SCHEMA PUBLIC
DISCONNECT
/*C50*/SET SCHEMA PUBLIC
DISCONNECT
/*C51*/SET SCHEMA PUBLIC
DISCONNECT
